<?xml version="1.0" encoding="UTF-8"?>
<!-- Generated by org.testng.reporters.JUnitReportReporter -->
<testsuite hostname="Abu-PC" name="test.com.dubizzle.aut.testcase.DubizzleAPIResponseTest" tests="1" failures="0" timestamp="5 Mar 2017 13:47:05 GMT" time="4.676" errors="0">
  <testcase name="apiResponseTest" time="4.676" classname="test.com.dubizzle.aut.testcase.DubizzleAPIResponseTest"/>
</testsuite> <!-- test.com.dubizzle.aut.testcase.DubizzleAPIResponseTest -->
