<?xml version="1.0" encoding="UTF-8"?>
<!-- Generated by org.testng.reporters.JUnitReportReporter -->
<testsuite hostname="Abu-PC" name="test.com.dubizzle.aut.testcase.DubizzleUserAPITest" tests="1" failures="0" timestamp="5 Mar 2017 20:44:23 GMT" time="7.563" errors="0">
  <testcase name="userAPIResponseTest" time="7.563" classname="test.com.dubizzle.aut.testcase.DubizzleUserAPITest"/>
</testsuite> <!-- test.com.dubizzle.aut.testcase.DubizzleUserAPITest -->
