<?xml version="1.0" encoding="UTF-8"?>
<!-- Generated by org.testng.reporters.JUnitReportReporter -->
<testsuite hostname="Abu-PC" name="test.com.dubizzle.aut.testcase.SearchResultTest" tests="1" failures="0" timestamp="4 Mar 2017 06:59:08 GMT" time="0.557" errors="0">
  <testcase name="searchResultSorting" time="0.557" classname="test.com.dubizzle.aut.testcase.SearchResultTest"/>
</testsuite> <!-- test.com.dubizzle.aut.testcase.SearchResultTest -->
