<?xml version="1.0" encoding="UTF-8"?>
<!-- Generated by org.testng.reporters.JUnitReportReporter -->
<testsuite hostname="Abu-PC" name="test.com.dubizzle.aut.testcase.DubizzleRepoAPITest" tests="1" failures="0" timestamp="5 Mar 2017 20:44:23 GMT" time="9.865" errors="0">
  <testcase name="repoAPIResponseTest" time="9.865" classname="test.com.dubizzle.aut.testcase.DubizzleRepoAPITest"/>
</testsuite> <!-- test.com.dubizzle.aut.testcase.DubizzleRepoAPITest -->
