<?xml version="1.0" encoding="UTF-8"?>
<!-- Generated by org.testng.reporters.JUnitReportReporter -->
<testsuite hostname="Abu-PC" name="test.com.dubizzle.aut.testcase.DubizzleSearchResultTest" tests="1" failures="0" timestamp="7 Mar 2017 18:20:51 GMT" time="77.625" errors="0">
  <testcase name="searchResultSorting" time="77.625" classname="test.com.dubizzle.aut.testcase.DubizzleSearchResultTest"/>
</testsuite> <!-- test.com.dubizzle.aut.testcase.DubizzleSearchResultTest -->
