<?xml version="1.0" encoding="UTF-8"?>
<!-- Generated by org.testng.reporters.JUnitReportReporter -->
<testsuite hostname="Abu-PC" name="test.com.dubizzle.aut.testcase.DubizzleSearchResultTest" tests="1" failures="0" timestamp="5 Mar 2017 20:19:16 GMT" time="35.678" errors="0">
  <testcase name="searchResultSorting" time="35.678" classname="test.com.dubizzle.aut.testcase.DubizzleSearchResultTest"/>
</testsuite> <!-- test.com.dubizzle.aut.testcase.DubizzleSearchResultTest -->
